{"resourceSpans": [{"resource": {"attributes": [{"key": "wxgov.config.agentic_app", "value": {"stringValue": ""}}, {"key": "service.name", "value": {"stringValue": "Nicholass_2. ragtriad"}}]}, "scopeSpans": [{"scope": {"name": "opentelemetry.instrumentation.requests", "version": "0.57b0"}, "spans": [{"traceId": "4+cGgsIJTKxin2++2CwHzQ==", "spanId": "Cl0vNGuqlFU=", "name": "GET", "kind": "SPAN_KIND_CLIENT", "startTimeUnixNano": "1756962023955542000", "endTimeUnixNano": "1756962024022708000", "attributes": [{"key": "http.method", "value": {"stringValue": "GET"}}, {"key": "http.url", "value": {"stringValue": "https://mermaid.ink/img/LS0tCmNvbmZpZzoKICBmbG93Y2hhcnQ6CiAgICBjdXJ2ZTogbGluZWFyCi0tLQpncmFwaCBURDsKCV9fc3RhcnRfXyhbPHA+X19zdGFydF9fPC9wPl0pOjo6Zmlyc3QKCVJldHJpZXZhbF9fTm9kZShSZXRyaWV2YWwgCk5vZGUpCglHZW5lcmF0aW9uX19Ob2RlKEdlbmVyYXRpb24gCk5vZGUpCglfX2VuZF9fKFs8cD5fX2VuZF9fPC9wPl0pOjo6bGFzdAoJR2VuZXJhdGlvbl9fTm9kZSAtLT4gX19lbmRfXzsKCVJldHJpZXZhbF9fTm9kZSAtLT4gR2VuZXJhdGlvbl9fTm9kZTsKCV9fc3RhcnRfXyAtLT4gUmV0cmlldmFsX19Ob2RlOwoJY2xhc3NEZWYgZGVmYXVsdCBmaWxsOiNmMmYwZmYsbGluZS1oZWlnaHQ6MS4yCgljbGFzc0RlZiBmaXJzdCBmaWxsLW9wYWNpdHk6MAoJY2xhc3NEZWYgbGFzdCBmaWxsOiNiZmI2ZmMK?type=png&bgColor=!white"}}, {"key": "http.status_code", "value": {"intValue": "200"}}], "status": {}, "flags": 256}], "schemaUrl": "https://opentelemetry.io/schemas/1.11.0"}]}]}
{"resourceSpans": [{"resource": {"attributes": [{"key": "wxgov.config.agentic_app", "value": {"stringValue": ""}}, {"key": "service.name", "value": {"stringValue": "Nicholass_2. ragtriad"}}]}, "scopeSpans": [{"scope": {"name": "ibm_agent_analytics.instrumentation.traceloop.sdk.tracing.opentelemetry_instrumentation_langchain", "version": "0.40.9"}, "spans": [{"traceId": "fGXB5YLi5mL3KLT6QkheOg==", "spanId": "W6kfr3oCQgQ=", "parentSpanId": "6xFns2epw3g=", "name": "__start__.task", "kind": "SPAN_KIND_INTERNAL", "startTimeUnixNano": "1756962035123545000", "endTimeUnixNano": "1756962035124088000", "attributes": [{"key": "traceloop.association.properties.thread_id", "value": {"stringValue": "abc123"}}, {"key": "traceloop.association.properties.langgraph_step", "value": {"intValue": "0"}}, {"key": "traceloop.association.properties.langgraph_node", "value": {"stringValue": "__start__"}}, {"key": "traceloop.association.properties.langgraph_triggers", "value": {"arrayValue": {"values": [{"stringValue": "__start__"}]}}}, {"key": "traceloop.association.properties.langgraph_path", "value": {"arrayValue": {"values": [{"stringValue": "__pregel_pull"}, {"stringValue": "__start__"}]}}}, {"key": "traceloop.association.properties.langgraph_checkpoint_ns", "value": {"stringValue": "__start__:2bd1dccf-1241-f9df-1533-d42eec5aa3bd"}}, {"key": "traceloop.workflow.name", "value": {"stringValue": "LangGraph"}}, {"key": "traceloop.span.kind", "value": {"stringValue": "task"}}, {"key": "traceloop.entity.name", "value": {"stringValue": "__start__"}}, {"key": "traceloop.entity.input", "value": {"stringValue": "{\"inputs\": {\"input_text\": \"whats the policy on jetskis?\", \"interaction_id\": \"17480df8-894c-11f0-8179-398bdf02a112\"}, \"tags\": [\"graph:step:0\", \"langsmith:hidden\", \"langsmith:hidden\"], \"metadata\": {\"thread_id\": \"abc123\", \"langgraph_step\": 0, \"langgraph_node\": \"__start__\", \"langgraph_triggers\": [\"__start__\"], \"langgraph_path\": [\"__pregel_pull\", \"__start__\"], \"langgraph_checkpoint_ns\": \"__start__:2bd1dccf-1241-f9df-1533-d42eec5aa3bd\"}, \"kwargs\": {\"name\": \"__start__\"}}"}}, {"key": "traceloop.entity.output", "value": {"stringValue": "{\"outputs\": {\"input_text\": \"whats the policy on jetskis?\", \"interaction_id\": \"17480df8-894c-11f0-8179-398bdf02a112\"}, \"kwargs\": {\"tags\": [\"graph:step:0\", \"langsmith:hidden\", \"langsmith:hidden\"]}}"}}], "status": {}, "flags": 256}]}]}]}
{"resourceSpans": [{"resource": {"attributes": [{"key": "wxgov.config.agentic_app", "value": {"stringValue": ""}}, {"key": "service.name", "value": {"stringValue": "Nicholass_2. ragtriad"}}]}, "scopeSpans": [{"scope": {"name": "ibm_agent_analytics.instrumentation.traceloop.sdk.tracing.opentelemetry_instrumentation_langchain", "version": "0.40.9"}, "spans": [{"traceId": "fGXB5YLi5mL3KLT6QkheOg==", "spanId": "N+vc2eh6FhM=", "parentSpanId": "6xFns2epw3g=", "name": "Retrieval \nNode.task", "kind": "SPAN_KIND_INTERNAL", "startTimeUnixNano": "1756962035124957000", "endTimeUnixNano": "1756962035696466000", "attributes": [{"key": "traceloop.association.properties.thread_id", "value": {"stringValue": "abc123"}}, {"key": "traceloop.association.properties.langgraph_step", "value": {"intValue": "1"}}, {"key": "traceloop.association.properties.langgraph_node", "value": {"stringValue": "Retrieval \nNode"}}, {"key": "traceloop.association.properties.langgraph_triggers", "value": {"arrayValue": {"values": [{"stringValue": "start:Retrieval \nNode"}]}}}, {"key": "traceloop.association.properties.langgraph_path", "value": {"arrayValue": {"values": [{"stringValue": "__pregel_pull"}, {"stringValue": "Retrieval \nNode"}]}}}, {"key": "traceloop.association.properties.langgraph_checkpoint_ns", "value": {"stringValue": "Retrieval \nNode:dc94e3d4-b058-718c-2803-13fcc3592044"}}, {"key": "traceloop.workflow.name", "value": {"stringValue": "LangGraph"}}, {"key": "traceloop.span.kind", "value": {"stringValue": "task"}}, {"key": "traceloop.entity.name", "value": {"stringValue": "Retrieval \nNode"}}, {"key": "gen_ai.runnable.code_id", "value": {"stringValue": "2. ragtriad.py:53:__main__:retrieval_node"}}, {"key": "gen_ai.runnable.input_schema", "value": {"stringValue": "{\"state\": {\"annotation\": \"<class '__main__.AppState'>\", \"default\": null, \"kind\": \"POSITIONAL_OR_KEYWORD\"}}"}}, {"key": "traceloop.entity.input", "value": {"stringValue": "{\"inputs\": \"{\\\"input_text\\\":\\\"whats the policy on jetskis?\\\",\\\"context\\\":[],\\\"generated_text\\\":null,\\\"ground_truth\\\":null,\\\"record_id\\\":null,\\\"record_timestamp\\\":null,\\\"interaction_id\\\":\\\"17480df8-894c-11f0-8179-398bdf02a112\\\"}\", \"tags\": [\"graph:step:1\"], \"metadata\": {\"thread_id\": \"abc123\", \"langgraph_step\": 1, \"langgraph_node\": \"Retrieval \\nNode\", \"langgraph_triggers\": [\"start:Retrieval \\nNode\"], \"langgraph_path\": [\"__pregel_pull\", \"Retrieval \\nNode\"], \"langgraph_checkpoint_ns\": \"Retrieval \\nNode:dc94e3d4-b058-718c-2803-13fcc3592044\"}, \"kwargs\": {\"name\": \"Retrieval \\nNode\"}}"}}], "events": [{"timeUnixNano": "1756962035696443000", "name": "exception", "attributes": [{"key": "exception.type", "value": {"stringValue": "Exception"}}, {"key": "exception.message", "value": {"stringValue": "There was an error while evaluating context relevance metric on retrieval_node,"}}, {"key": "exception.stacktrace", "value": {"stringValue": "Traceback (most recent call last):\n  File \"/Users/nicholasrenotte/Desktop/Work/6-08-2025-DTA/.venv/lib/python3.11/site-packages/ibm_watsonx_gov/metrics/context_relevance/context_relevance_decorator.py\", line 49, in wrapper\n    original_result = self.compute_helper(func=func, args=args, kwargs=kwargs,\n                      ^^^^^^^^^^^^^^^^^^^^^^^^^^^^^^^^^^^^^^^^^^^^^^^^^^^^^^^^\n  File \"/Users/nicholasrenotte/Desktop/Work/6-08-2025-DTA/.venv/lib/python3.11/site-packages/ibm_watsonx_gov/metrics/base_metric_decorator.py\", line 133, in compute_helper\n    original_result = func(*args, **kwargs)\n                      ^^^^^^^^^^^^^^^^^^^^^\n  File \"/Users/nicholasrenotte/Desktop/Work/6-08-2025-DTA/4. Governance/2. ragtriad.py\", line 56, in retrieval_node\n    context = similarity_threshold_retriever.invoke(state.input_text)\n              ^^^^^^^^^^^^^^^^^^^^^^^^^^^^^^^^^^^^^^^^^^^^^^^^^^^^^^^\n  File \"/Users/nicholasrenotte/Desktop/Work/6-08-2025-DTA/.venv/lib/python3.11/site-packages/langchain_core/retrievers.py\", line 261, in invoke\n    result = self._get_relevant_documents(\n             ^^^^^^^^^^^^^^^^^^^^^^^^^^^^^\n  File \"/Users/nicholasrenotte/Desktop/Work/6-08-2025-DTA/.venv/lib/python3.11/site-packages/langchain_core/vectorstores/base.py\", line 1083, in _get_relevant_documents\n    self.vectorstore.similarity_search_with_relevance_scores(\n  File \"/Users/nicholasrenotte/Desktop/Work/6-08-2025-DTA/.venv/lib/python3.11/site-packages/langchain_core/vectorstores/base.py\", line 556, in similarity_search_with_relevance_scores\n    docs_and_similarities = self._similarity_search_with_relevance_scores(\n                            ^^^^^^^^^^^^^^^^^^^^^^^^^^^^^^^^^^^^^^^^^^^^^^\n  File \"/Users/nicholasrenotte/Desktop/Work/6-08-2025-DTA/.venv/lib/python3.11/site-packages/langchain_core/vectorstores/base.py\", line 504, in _similarity_search_with_relevance_scores\n    docs_and_scores = self.similarity_search_with_score(query, k, **kwargs)\n                      ^^^^^^^^^^^^^^^^^^^^^^^^^^^^^^^^^^^^^^^^^^^^^^^^^^^^^\n  File \"/Users/nicholasrenotte/Desktop/Work/6-08-2025-DTA/.venv/lib/python3.11/site-packages/langchain_chroma/vectorstores.py\", line 781, in similarity_search_with_score\n    query_embedding = self._embedding_function.embed_query(query)\n                      ^^^^^^^^^^^^^^^^^^^^^^^^^^^^^^^^^^^^^^^^^^^\n  File \"/Users/nicholasrenotte/Desktop/Work/6-08-2025-DTA/.venv/lib/python3.11/site-packages/langchain_ibm/embeddings.py\", line 276, in embed_query\n    return self.embed_documents([text], **kwargs)[0]\n           ^^^^^^^^^^^^^^^^^^^^^^^^^^^^^^^^^^^^^^\n  File \"/Users/nicholasrenotte/Desktop/Work/6-08-2025-DTA/.venv/lib/python3.11/site-packages/langchain_ibm/embeddings.py\", line 254, in embed_documents\n    return self.watsonx_embed.embed_documents(\n           ^^^^^^^^^^^^^^^^^^^^^^^^^^^^^^^^^^^\n  File \"/Users/nicholasrenotte/Desktop/Work/6-08-2025-DTA/.venv/lib/python3.11/site-packages/ibm_watsonx_ai/foundation_models/embeddings/embeddings.py\", line 424, in embed_documents\n    for vector in self.generate(\n                  ^^^^^^^^^^^^^^\n  File \"/Users/nicholasrenotte/Desktop/Work/6-08-2025-DTA/.venv/lib/python3.11/site-packages/ibm_watsonx_ai/foundation_models/embeddings/embeddings.py\", line 366, in generate\n    results = self._generate(generate_url, inputs, params)\n              ^^^^^^^^^^^^^^^^^^^^^^^^^^^^^^^^^^^^^^^^^^^^\n  File \"/Users/nicholasrenotte/Desktop/Work/6-08-2025-DTA/.venv/lib/python3.11/site-packages/ibm_watsonx_ai/foundation_models/embeddings/embeddings.py\", line 543, in _generate\n    return self._handle_response(\n           ^^^^^^^^^^^^^^^^^^^^^^\n  File \"/Users/nicholasrenotte/Desktop/Work/6-08-2025-DTA/.venv/lib/python3.11/site-packages/ibm_watsonx_ai/wml_resource.py\", line 168, in _handle_response\n    raise ApiRequestFailure(\nibm_watsonx_ai.wml_client_error.ApiRequestFailure: Failure during generate. (POST https://us-south.ml.cloud.ibm.com/ml/v1/text/embeddings?version=2025-08-20)\nStatus code: 404, body: {\"errors\":[{\"code\":\"model_not_supported\",\"message\":\"Model 'all-minilm-l6-v2' is not supported\",\"more_info\":\"https://cloud.ibm.com/apidocs/watsonx-ai#text-embeddings\"}],\"trace\":\"7afcbd604ef39ae9a3da4e758d39d7ff\",\"status_code\":404}\n\nThe above exception was the direct cause of the following exception:\n\nTraceback (most recent call last):\n  File \"/Users/nicholasrenotte/Desktop/Work/6-08-2025-DTA/.venv/lib/python3.11/site-packages/langgraph/utils/runnable.py\", line 410, in invoke\n    input = context.run(step.invoke, input, config, **kwargs)\n            ^^^^^^^^^^^^^^^^^^^^^^^^^^^^^^^^^^^^^^^^^^^^^^^^^\n  File \"/Users/nicholasrenotte/Desktop/Work/6-08-2025-DTA/.venv/lib/python3.11/site-packages/langgraph/utils/runnable.py\", line 184, in invoke\n    ret = context.run(self.func, input, **kwargs)\n          ^^^^^^^^^^^^^^^^^^^^^^^^^^^^^^^^^^^^^^^\n  File \"/Users/nicholasrenotte/Desktop/Work/6-08-2025-DTA/.venv/lib/python3.11/site-packages/ibm_watsonx_gov/metrics/context_relevance/context_relevance_decorator.py\", line 57, in wrapper\n    raise Exception(\nException: There was an error while evaluating context relevance metric on retrieval_node,\n"}}, {"key": "exception.escaped", "value": {"stringValue": "False"}}]}], "status": {"code": "STATUS_CODE_ERROR"}, "flags": 256}]}]}]}
{"resourceSpans": [{"resource": {"attributes": [{"key": "wxgov.config.agentic_app", "value": {"stringValue": ""}}, {"key": "service.name", "value": {"stringValue": "Nicholass_2. ragtriad"}}]}, "scopeSpans": [{"scope": {"name": "ibm_agent_analytics.instrumentation.traceloop.sdk.tracing.opentelemetry_instrumentation_langchain", "version": "0.40.9"}, "spans": [{"traceId": "fGXB5YLi5mL3KLT6QkheOg==", "spanId": "6xFns2epw3g=", "name": "LangGraph.workflow", "kind": "SPAN_KIND_INTERNAL", "startTimeUnixNano": "1756962034964909000", "endTimeUnixNano": "1756962035699419000", "attributes": [{"key": "traceloop.association.properties.thread_id", "value": {"stringValue": "abc123"}}, {"key": "traceloop.workflow.name", "value": {"stringValue": "LangGraph"}}, {"key": "traceloop.span.kind", "value": {"stringValue": "workflow"}}, {"key": "traceloop.entity.name", "value": {"stringValue": "LangGraph"}}, {"key": "graph_structure", "value": {"stringValue": "{\n    \"nodes\": [\n        \"Retrieval \\nNode\",\n        \"Generation \\nNode\"\n    ],\n    \"edges\": [\n        [\n            [\n                \"Retrieval \\nNode\"\n            ],\n            [\n                \"Generation \\nNode\"\n            ]\n        ],\n        [\n            [\n                \"Generation \\nNode\"\n            ],\n            [\n                \"__end__\"\n            ]\n        ],\n        [\n            [\n                \"__start__\"\n            ],\n            [\n                \"Retrieval \\nNode\"\n            ]\n        ]\n    ]\n}"}}, {"key": "traceloop.entity.input", "value": {"stringValue": "{\"inputs\": {\"input_text\": \"whats the policy on jetskis?\", \"interaction_id\": \"17480df8-894c-11f0-8179-398bdf02a112\"}, \"tags\": [], \"metadata\": {\"thread_id\": \"abc123\"}, \"kwargs\": {\"name\": \"LangGraph\"}}"}}], "events": [{"timeUnixNano": "1756962035699405000", "name": "exception", "attributes": [{"key": "exception.type", "value": {"stringValue": "Exception"}}, {"key": "exception.message", "value": {"stringValue": "There was an error while evaluating context relevance metric on retrieval_node,"}}, {"key": "exception.stacktrace", "value": {"stringValue": "Traceback (most recent call last):\n  File \"/Users/nicholasrenotte/Desktop/Work/6-08-2025-DTA/.venv/lib/python3.11/site-packages/ibm_watsonx_gov/metrics/context_relevance/context_relevance_decorator.py\", line 49, in wrapper\n    original_result = self.compute_helper(func=func, args=args, kwargs=kwargs,\n                      ^^^^^^^^^^^^^^^^^^^^^^^^^^^^^^^^^^^^^^^^^^^^^^^^^^^^^^^^\n  File \"/Users/nicholasrenotte/Desktop/Work/6-08-2025-DTA/.venv/lib/python3.11/site-packages/ibm_watsonx_gov/metrics/base_metric_decorator.py\", line 133, in compute_helper\n    original_result = func(*args, **kwargs)\n                      ^^^^^^^^^^^^^^^^^^^^^\n  File \"/Users/nicholasrenotte/Desktop/Work/6-08-2025-DTA/4. Governance/2. ragtriad.py\", line 56, in retrieval_node\n    context = similarity_threshold_retriever.invoke(state.input_text)\n              ^^^^^^^^^^^^^^^^^^^^^^^^^^^^^^^^^^^^^^^^^^^^^^^^^^^^^^^\n  File \"/Users/nicholasrenotte/Desktop/Work/6-08-2025-DTA/.venv/lib/python3.11/site-packages/langchain_core/retrievers.py\", line 261, in invoke\n    result = self._get_relevant_documents(\n             ^^^^^^^^^^^^^^^^^^^^^^^^^^^^^\n  File \"/Users/nicholasrenotte/Desktop/Work/6-08-2025-DTA/.venv/lib/python3.11/site-packages/langchain_core/vectorstores/base.py\", line 1083, in _get_relevant_documents\n    self.vectorstore.similarity_search_with_relevance_scores(\n  File \"/Users/nicholasrenotte/Desktop/Work/6-08-2025-DTA/.venv/lib/python3.11/site-packages/langchain_core/vectorstores/base.py\", line 556, in similarity_search_with_relevance_scores\n    docs_and_similarities = self._similarity_search_with_relevance_scores(\n                            ^^^^^^^^^^^^^^^^^^^^^^^^^^^^^^^^^^^^^^^^^^^^^^\n  File \"/Users/nicholasrenotte/Desktop/Work/6-08-2025-DTA/.venv/lib/python3.11/site-packages/langchain_core/vectorstores/base.py\", line 504, in _similarity_search_with_relevance_scores\n    docs_and_scores = self.similarity_search_with_score(query, k, **kwargs)\n                      ^^^^^^^^^^^^^^^^^^^^^^^^^^^^^^^^^^^^^^^^^^^^^^^^^^^^^\n  File \"/Users/nicholasrenotte/Desktop/Work/6-08-2025-DTA/.venv/lib/python3.11/site-packages/langchain_chroma/vectorstores.py\", line 781, in similarity_search_with_score\n    query_embedding = self._embedding_function.embed_query(query)\n                      ^^^^^^^^^^^^^^^^^^^^^^^^^^^^^^^^^^^^^^^^^^^\n  File \"/Users/nicholasrenotte/Desktop/Work/6-08-2025-DTA/.venv/lib/python3.11/site-packages/langchain_ibm/embeddings.py\", line 276, in embed_query\n    return self.embed_documents([text], **kwargs)[0]\n           ^^^^^^^^^^^^^^^^^^^^^^^^^^^^^^^^^^^^^^\n  File \"/Users/nicholasrenotte/Desktop/Work/6-08-2025-DTA/.venv/lib/python3.11/site-packages/langchain_ibm/embeddings.py\", line 254, in embed_documents\n    return self.watsonx_embed.embed_documents(\n           ^^^^^^^^^^^^^^^^^^^^^^^^^^^^^^^^^^^\n  File \"/Users/nicholasrenotte/Desktop/Work/6-08-2025-DTA/.venv/lib/python3.11/site-packages/ibm_watsonx_ai/foundation_models/embeddings/embeddings.py\", line 424, in embed_documents\n    for vector in self.generate(\n                  ^^^^^^^^^^^^^^\n  File \"/Users/nicholasrenotte/Desktop/Work/6-08-2025-DTA/.venv/lib/python3.11/site-packages/ibm_watsonx_ai/foundation_models/embeddings/embeddings.py\", line 366, in generate\n    results = self._generate(generate_url, inputs, params)\n              ^^^^^^^^^^^^^^^^^^^^^^^^^^^^^^^^^^^^^^^^^^^^\n  File \"/Users/nicholasrenotte/Desktop/Work/6-08-2025-DTA/.venv/lib/python3.11/site-packages/ibm_watsonx_ai/foundation_models/embeddings/embeddings.py\", line 543, in _generate\n    return self._handle_response(\n           ^^^^^^^^^^^^^^^^^^^^^^\n  File \"/Users/nicholasrenotte/Desktop/Work/6-08-2025-DTA/.venv/lib/python3.11/site-packages/ibm_watsonx_ai/wml_resource.py\", line 168, in _handle_response\n    raise ApiRequestFailure(\nibm_watsonx_ai.wml_client_error.ApiRequestFailure: Failure during generate. (POST https://us-south.ml.cloud.ibm.com/ml/v1/text/embeddings?version=2025-08-20)\nStatus code: 404, body: {\"errors\":[{\"code\":\"model_not_supported\",\"message\":\"Model 'all-minilm-l6-v2' is not supported\",\"more_info\":\"https://cloud.ibm.com/apidocs/watsonx-ai#text-embeddings\"}],\"trace\":\"7afcbd604ef39ae9a3da4e758d39d7ff\",\"status_code\":404}\n\nThe above exception was the direct cause of the following exception:\n\nTraceback (most recent call last):\n  File \"/Users/nicholasrenotte/Desktop/Work/6-08-2025-DTA/.venv/lib/python3.11/site-packages/langgraph/pregel/__init__.py\", line 1328, in stream\n    for _ in runner.tick(\n  File \"/Users/nicholasrenotte/Desktop/Work/6-08-2025-DTA/.venv/lib/python3.11/site-packages/langgraph/pregel/runner.py\", line 58, in tick\n    run_with_retry(t, retry_policy)\n  File \"/Users/nicholasrenotte/Desktop/Work/6-08-2025-DTA/.venv/lib/python3.11/site-packages/langgraph/pregel/retry.py\", line 29, in run_with_retry\n    task.proc.invoke(task.input, config)\n  File \"/Users/nicholasrenotte/Desktop/Work/6-08-2025-DTA/.venv/lib/python3.11/site-packages/langgraph/utils/runnable.py\", line 410, in invoke\n    input = context.run(step.invoke, input, config, **kwargs)\n            ^^^^^^^^^^^^^^^^^^^^^^^^^^^^^^^^^^^^^^^^^^^^^^^^^\n  File \"/Users/nicholasrenotte/Desktop/Work/6-08-2025-DTA/.venv/lib/python3.11/site-packages/langgraph/utils/runnable.py\", line 184, in invoke\n    ret = context.run(self.func, input, **kwargs)\n          ^^^^^^^^^^^^^^^^^^^^^^^^^^^^^^^^^^^^^^^\n  File \"/Users/nicholasrenotte/Desktop/Work/6-08-2025-DTA/.venv/lib/python3.11/site-packages/ibm_watsonx_gov/metrics/context_relevance/context_relevance_decorator.py\", line 57, in wrapper\n    raise Exception(\nException: There was an error while evaluating context relevance metric on retrieval_node,\n"}}, {"key": "exception.escaped", "value": {"stringValue": "False"}}]}], "status": {"code": "STATUS_CODE_ERROR"}, "flags": 256}]}]}]}
