{"resourceSpans": [{"resource": {"attributes": [{"key": "wxgov.config.agentic_app", "value": {"stringValue": ""}}, {"key": "service.name", "value": {"stringValue": "Nicholass_2. ragtriad"}}]}, "scopeSpans": [{"scope": {"name": "opentelemetry.instrumentation.requests", "version": "0.57b0"}, "spans": [{"traceId": "4+cGgsIJTKxin2++2CwHzQ==", "spanId": "Cl0vNGuqlFU=", "name": "GET", "kind": "SPAN_KIND_CLIENT", "startTimeUnixNano": "1756961957912866000", "endTimeUnixNano": "1756961958493520000", "attributes": [{"key": "http.method", "value": {"stringValue": "GET"}}, {"key": "http.url", "value": {"stringValue": "https://mermaid.ink/img/LS0tCmNvbmZpZzoKICBmbG93Y2hhcnQ6CiAgICBjdXJ2ZTogbGluZWFyCi0tLQpncmFwaCBURDsKCV9fc3RhcnRfXyhbPHA+X19zdGFydF9fPC9wPl0pOjo6Zmlyc3QKCVJldHJpZXZhbF9fTm9kZShSZXRyaWV2YWwgCk5vZGUpCglHZW5lcmF0aW9uX19Ob2RlKEdlbmVyYXRpb24gCk5vZGUpCglfX2VuZF9fKFs8cD5fX2VuZF9fPC9wPl0pOjo6bGFzdAoJR2VuZXJhdGlvbl9fTm9kZSAtLT4gX19lbmRfXzsKCVJldHJpZXZhbF9fTm9kZSAtLT4gR2VuZXJhdGlvbl9fTm9kZTsKCV9fc3RhcnRfXyAtLT4gUmV0cmlldmFsX19Ob2RlOwoJY2xhc3NEZWYgZGVmYXVsdCBmaWxsOiNmMmYwZmYsbGluZS1oZWlnaHQ6MS4yCgljbGFzc0RlZiBmaXJzdCBmaWxsLW9wYWNpdHk6MAoJY2xhc3NEZWYgbGFzdCBmaWxsOiNiZmI2ZmMK?type=png&bgColor=!white"}}, {"key": "http.status_code", "value": {"intValue": "200"}}], "status": {}, "flags": 256}], "schemaUrl": "https://opentelemetry.io/schemas/1.11.0"}]}]}
{"resourceSpans": [{"resource": {"attributes": [{"key": "wxgov.config.agentic_app", "value": {"stringValue": ""}}, {"key": "service.name", "value": {"stringValue": "Nicholass_2. ragtriad"}}]}, "scopeSpans": [{"scope": {"name": "ibm_agent_analytics.instrumentation.traceloop.sdk.tracing.opentelemetry_instrumentation_langchain", "version": "0.40.9"}, "spans": [{"traceId": "fGXB5YLi5mL3KLT6QkheOg==", "spanId": "W6kfr3oCQgQ=", "parentSpanId": "6xFns2epw3g=", "name": "__start__.task", "kind": "SPAN_KIND_INTERNAL", "startTimeUnixNano": "1756961969074102000", "endTimeUnixNano": "1756961969075186000", "attributes": [{"key": "traceloop.association.properties.thread_id", "value": {"stringValue": "abc123"}}, {"key": "traceloop.association.properties.langgraph_step", "value": {"intValue": "0"}}, {"key": "traceloop.association.properties.langgraph_node", "value": {"stringValue": "__start__"}}, {"key": "traceloop.association.properties.langgraph_triggers", "value": {"arrayValue": {"values": [{"stringValue": "__start__"}]}}}, {"key": "traceloop.association.properties.langgraph_path", "value": {"arrayValue": {"values": [{"stringValue": "__pregel_pull"}, {"stringValue": "__start__"}]}}}, {"key": "traceloop.association.properties.langgraph_checkpoint_ns", "value": {"stringValue": "__start__:fa2c7d05-c27e-5918-e521-ceb859f7009e"}}, {"key": "traceloop.workflow.name", "value": {"stringValue": "LangGraph"}}, {"key": "traceloop.span.kind", "value": {"stringValue": "task"}}, {"key": "traceloop.entity.name", "value": {"stringValue": "__start__"}}, {"key": "traceloop.entity.input", "value": {"stringValue": "{\"inputs\": {\"input_text\": \"what is the policy on jetski's?\", \"interaction_id\": \"efe944d4-894b-11f0-9746-11610cf31950\"}, \"tags\": [\"graph:step:0\", \"langsmith:hidden\", \"langsmith:hidden\"], \"metadata\": {\"thread_id\": \"abc123\", \"langgraph_step\": 0, \"langgraph_node\": \"__start__\", \"langgraph_triggers\": [\"__start__\"], \"langgraph_path\": [\"__pregel_pull\", \"__start__\"], \"langgraph_checkpoint_ns\": \"__start__:fa2c7d05-c27e-5918-e521-ceb859f7009e\"}, \"kwargs\": {\"name\": \"__start__\"}}"}}, {"key": "traceloop.entity.output", "value": {"stringValue": "{\"outputs\": {\"input_text\": \"what is the policy on jetski's?\", \"interaction_id\": \"efe944d4-894b-11f0-9746-11610cf31950\"}, \"kwargs\": {\"tags\": [\"graph:step:0\", \"langsmith:hidden\", \"langsmith:hidden\"]}}"}}], "status": {}, "flags": 256}]}]}]}
{"resourceSpans": [{"resource": {"attributes": [{"key": "wxgov.config.agentic_app", "value": {"stringValue": ""}}, {"key": "service.name", "value": {"stringValue": "Nicholass_2. ragtriad"}}]}, "scopeSpans": [{"scope": {"name": "ibm_agent_analytics.instrumentation.traceloop.sdk.tracing.opentelemetry_instrumentation_langchain", "version": "0.40.9"}, "spans": [{"traceId": "fGXB5YLi5mL3KLT6QkheOg==", "spanId": "N+vc2eh6FhM=", "parentSpanId": "6xFns2epw3g=", "name": "Retrieval \nNode.task", "kind": "SPAN_KIND_INTERNAL", "startTimeUnixNano": "1756961969076012000", "endTimeUnixNano": "1756961969638022000", "attributes": [{"key": "traceloop.association.properties.thread_id", "value": {"stringValue": "abc123"}}, {"key": "traceloop.association.properties.langgraph_step", "value": {"intValue": "1"}}, {"key": "traceloop.association.properties.langgraph_node", "value": {"stringValue": "Retrieval \nNode"}}, {"key": "traceloop.association.properties.langgraph_triggers", "value": {"arrayValue": {"values": [{"stringValue": "start:Retrieval \nNode"}]}}}, {"key": "traceloop.association.properties.langgraph_path", "value": {"arrayValue": {"values": [{"stringValue": "__pregel_pull"}, {"stringValue": "Retrieval \nNode"}]}}}, {"key": "traceloop.association.properties.langgraph_checkpoint_ns", "value": {"stringValue": "Retrieval \nNode:970ff51c-86f4-5046-fc4b-20d200115baf"}}, {"key": "traceloop.workflow.name", "value": {"stringValue": "LangGraph"}}, {"key": "traceloop.span.kind", "value": {"stringValue": "task"}}, {"key": "traceloop.entity.name", "value": {"stringValue": "Retrieval \nNode"}}, {"key": "gen_ai.runnable.code_id", "value": {"stringValue": "2. ragtriad.py:52:__main__:retrieval_node"}}, {"key": "gen_ai.runnable.input_schema", "value": {"stringValue": "{\"state\": {\"annotation\": \"<class '__main__.AppState'>\", \"default\": null, \"kind\": \"POSITIONAL_OR_KEYWORD\"}}"}}, {"key": "traceloop.entity.input", "value": {"stringValue": "{\"inputs\": \"{\\\"input_text\\\":\\\"what is the policy on jetski's?\\\",\\\"context\\\":[],\\\"generated_text\\\":null,\\\"ground_truth\\\":null,\\\"record_id\\\":null,\\\"record_timestamp\\\":null,\\\"interaction_id\\\":\\\"efe944d4-894b-11f0-9746-11610cf31950\\\"}\", \"tags\": [\"graph:step:1\"], \"metadata\": {\"thread_id\": \"abc123\", \"langgraph_step\": 1, \"langgraph_node\": \"Retrieval \\nNode\", \"langgraph_triggers\": [\"start:Retrieval \\nNode\"], \"langgraph_path\": [\"__pregel_pull\", \"Retrieval \\nNode\"], \"langgraph_checkpoint_ns\": \"Retrieval \\nNode:970ff51c-86f4-5046-fc4b-20d200115baf\"}, \"kwargs\": {\"name\": \"Retrieval \\nNode\"}}"}}], "events": [{"timeUnixNano": "1756961969637999000", "name": "exception", "attributes": [{"key": "exception.type", "value": {"stringValue": "Exception"}}, {"key": "exception.message", "value": {"stringValue": "There was an error while evaluating context relevance metric on retrieval_node,"}}, {"key": "exception.stacktrace", "value": {"stringValue": "Traceback (most recent call last):\n  File \"/Users/nicholasrenotte/Desktop/Work/6-08-2025-DTA/.venv/lib/python3.11/site-packages/ibm_watsonx_gov/metrics/context_relevance/context_relevance_decorator.py\", line 49, in wrapper\n    original_result = self.compute_helper(func=func, args=args, kwargs=kwargs,\n                      ^^^^^^^^^^^^^^^^^^^^^^^^^^^^^^^^^^^^^^^^^^^^^^^^^^^^^^^^\n  File \"/Users/nicholasrenotte/Desktop/Work/6-08-2025-DTA/.venv/lib/python3.11/site-packages/ibm_watsonx_gov/metrics/base_metric_decorator.py\", line 133, in compute_helper\n    original_result = func(*args, **kwargs)\n                      ^^^^^^^^^^^^^^^^^^^^^\n  File \"/Users/nicholasrenotte/Desktop/Work/6-08-2025-DTA/4. Governance/2. ragtriad.py\", line 55, in retrieval_node\n    context = similarity_threshold_retriever.invoke(state.input_text)\n              ^^^^^^^^^^^^^^^^^^^^^^^^^^^^^^^^^^^^^^^^^^^^^^^^^^^^^^^\n  File \"/Users/nicholasrenotte/Desktop/Work/6-08-2025-DTA/.venv/lib/python3.11/site-packages/langchain_core/retrievers.py\", line 261, in invoke\n    result = self._get_relevant_documents(\n             ^^^^^^^^^^^^^^^^^^^^^^^^^^^^^\n  File \"/Users/nicholasrenotte/Desktop/Work/6-08-2025-DTA/.venv/lib/python3.11/site-packages/langchain_core/vectorstores/base.py\", line 1083, in _get_relevant_documents\n    self.vectorstore.similarity_search_with_relevance_scores(\n  File \"/Users/nicholasrenotte/Desktop/Work/6-08-2025-DTA/.venv/lib/python3.11/site-packages/langchain_core/vectorstores/base.py\", line 556, in similarity_search_with_relevance_scores\n    docs_and_similarities = self._similarity_search_with_relevance_scores(\n                            ^^^^^^^^^^^^^^^^^^^^^^^^^^^^^^^^^^^^^^^^^^^^^^\n  File \"/Users/nicholasrenotte/Desktop/Work/6-08-2025-DTA/.venv/lib/python3.11/site-packages/langchain_core/vectorstores/base.py\", line 504, in _similarity_search_with_relevance_scores\n    docs_and_scores = self.similarity_search_with_score(query, k, **kwargs)\n                      ^^^^^^^^^^^^^^^^^^^^^^^^^^^^^^^^^^^^^^^^^^^^^^^^^^^^^\n  File \"/Users/nicholasrenotte/Desktop/Work/6-08-2025-DTA/.venv/lib/python3.11/site-packages/langchain_chroma/vectorstores.py\", line 781, in similarity_search_with_score\n    query_embedding = self._embedding_function.embed_query(query)\n                      ^^^^^^^^^^^^^^^^^^^^^^^^^^^^^^^^^^^^^^^^^^^\n  File \"/Users/nicholasrenotte/Desktop/Work/6-08-2025-DTA/.venv/lib/python3.11/site-packages/langchain_ibm/embeddings.py\", line 276, in embed_query\n    return self.embed_documents([text], **kwargs)[0]\n           ^^^^^^^^^^^^^^^^^^^^^^^^^^^^^^^^^^^^^^\n  File \"/Users/nicholasrenotte/Desktop/Work/6-08-2025-DTA/.venv/lib/python3.11/site-packages/langchain_ibm/embeddings.py\", line 249, in embed_documents\n    embed_response = self._call_model_gateway(\n                     ^^^^^^^^^^^^^^^^^^^^^^^^^\n  File \"/Users/nicholasrenotte/Desktop/Work/6-08-2025-DTA/.venv/lib/python3.11/site-packages/langchain_ibm/utils.py\", line 152, in wrapper\n    return func(self, *args, **kwargs)\n           ^^^^^^^^^^^^^^^^^^^^^^^^^^^\n  File \"/Users/nicholasrenotte/Desktop/Work/6-08-2025-DTA/.venv/lib/python3.11/site-packages/langchain_ibm/embeddings.py\", line 232, in _call_model_gateway\n    return self.watsonx_embed_gateway.embeddings.create(\n           ^^^^^^^^^^^^^^^^^^^^^^^^^^^^^^^^^^^^^^^^^^^^^\n  File \"/Users/nicholasrenotte/Desktop/Work/6-08-2025-DTA/.venv/lib/python3.11/site-packages/ibm_watsonx_ai/gateway/gateway.py\", line 315, in create\n    return self._handle_response(200, \"embedding creation\", response)\n           ^^^^^^^^^^^^^^^^^^^^^^^^^^^^^^^^^^^^^^^^^^^^^^^^^^^^^^^^^^\n  File \"/Users/nicholasrenotte/Desktop/Work/6-08-2025-DTA/.venv/lib/python3.11/site-packages/ibm_watsonx_ai/wml_resource.py\", line 168, in _handle_response\n    raise ApiRequestFailure(\nibm_watsonx_ai.wml_client_error.ApiRequestFailure: Failure during embedding creation. (POST https://us-south.ml.cloud.ibm.com/ml/gateway/v1/embeddings)\nStatus code: 404, body: <html>\r\n<head><title>404 Not Found</title></head>\r\n<body>\r\n<center><h1>404 Not Found</h1></center>\r\n<hr><center>nginx</center>\r\n</body>\r\n</html>\r\n\n\nThe above exception was the direct cause of the following exception:\n\nTraceback (most recent call last):\n  File \"/Users/nicholasrenotte/Desktop/Work/6-08-2025-DTA/.venv/lib/python3.11/site-packages/langgraph/utils/runnable.py\", line 410, in invoke\n    input = context.run(step.invoke, input, config, **kwargs)\n            ^^^^^^^^^^^^^^^^^^^^^^^^^^^^^^^^^^^^^^^^^^^^^^^^^\n  File \"/Users/nicholasrenotte/Desktop/Work/6-08-2025-DTA/.venv/lib/python3.11/site-packages/langgraph/utils/runnable.py\", line 184, in invoke\n    ret = context.run(self.func, input, **kwargs)\n          ^^^^^^^^^^^^^^^^^^^^^^^^^^^^^^^^^^^^^^^\n  File \"/Users/nicholasrenotte/Desktop/Work/6-08-2025-DTA/.venv/lib/python3.11/site-packages/ibm_watsonx_gov/metrics/context_relevance/context_relevance_decorator.py\", line 57, in wrapper\n    raise Exception(\nException: There was an error while evaluating context relevance metric on retrieval_node,\n"}}, {"key": "exception.escaped", "value": {"stringValue": "False"}}]}], "status": {"code": "STATUS_CODE_ERROR"}, "flags": 256}]}]}]}
{"resourceSpans": [{"resource": {"attributes": [{"key": "wxgov.config.agentic_app", "value": {"stringValue": ""}}, {"key": "service.name", "value": {"stringValue": "Nicholass_2. ragtriad"}}]}, "scopeSpans": [{"scope": {"name": "ibm_agent_analytics.instrumentation.traceloop.sdk.tracing.opentelemetry_instrumentation_langchain", "version": "0.40.9"}, "spans": [{"traceId": "fGXB5YLi5mL3KLT6QkheOg==", "spanId": "6xFns2epw3g=", "name": "LangGraph.workflow", "kind": "SPAN_KIND_INTERNAL", "startTimeUnixNano": "1756961968914707000", "endTimeUnixNano": "1756961969640918000", "attributes": [{"key": "traceloop.association.properties.thread_id", "value": {"stringValue": "abc123"}}, {"key": "traceloop.workflow.name", "value": {"stringValue": "LangGraph"}}, {"key": "traceloop.span.kind", "value": {"stringValue": "workflow"}}, {"key": "traceloop.entity.name", "value": {"stringValue": "LangGraph"}}, {"key": "graph_structure", "value": {"stringValue": "{\n    \"nodes\": [\n        \"Retrieval \\nNode\",\n        \"Generation \\nNode\"\n    ],\n    \"edges\": [\n        [\n            [\n                \"__start__\"\n            ],\n            [\n                \"Retrieval \\nNode\"\n            ]\n        ],\n        [\n            [\n                \"Retrieval \\nNode\"\n            ],\n            [\n                \"Generation \\nNode\"\n            ]\n        ],\n        [\n            [\n                \"Generation \\nNode\"\n            ],\n            [\n                \"__end__\"\n            ]\n        ]\n    ]\n}"}}, {"key": "traceloop.entity.input", "value": {"stringValue": "{\"inputs\": {\"input_text\": \"what is the policy on jetski's?\", \"interaction_id\": \"efe944d4-894b-11f0-9746-11610cf31950\"}, \"tags\": [], \"metadata\": {\"thread_id\": \"abc123\"}, \"kwargs\": {\"name\": \"LangGraph\"}}"}}], "events": [{"timeUnixNano": "1756961969640907000", "name": "exception", "attributes": [{"key": "exception.type", "value": {"stringValue": "Exception"}}, {"key": "exception.message", "value": {"stringValue": "There was an error while evaluating context relevance metric on retrieval_node,"}}, {"key": "exception.stacktrace", "value": {"stringValue": "Traceback (most recent call last):\n  File \"/Users/nicholasrenotte/Desktop/Work/6-08-2025-DTA/.venv/lib/python3.11/site-packages/ibm_watsonx_gov/metrics/context_relevance/context_relevance_decorator.py\", line 49, in wrapper\n    original_result = self.compute_helper(func=func, args=args, kwargs=kwargs,\n                      ^^^^^^^^^^^^^^^^^^^^^^^^^^^^^^^^^^^^^^^^^^^^^^^^^^^^^^^^\n  File \"/Users/nicholasrenotte/Desktop/Work/6-08-2025-DTA/.venv/lib/python3.11/site-packages/ibm_watsonx_gov/metrics/base_metric_decorator.py\", line 133, in compute_helper\n    original_result = func(*args, **kwargs)\n                      ^^^^^^^^^^^^^^^^^^^^^\n  File \"/Users/nicholasrenotte/Desktop/Work/6-08-2025-DTA/4. Governance/2. ragtriad.py\", line 55, in retrieval_node\n    context = similarity_threshold_retriever.invoke(state.input_text)\n              ^^^^^^^^^^^^^^^^^^^^^^^^^^^^^^^^^^^^^^^^^^^^^^^^^^^^^^^\n  File \"/Users/nicholasrenotte/Desktop/Work/6-08-2025-DTA/.venv/lib/python3.11/site-packages/langchain_core/retrievers.py\", line 261, in invoke\n    result = self._get_relevant_documents(\n             ^^^^^^^^^^^^^^^^^^^^^^^^^^^^^\n  File \"/Users/nicholasrenotte/Desktop/Work/6-08-2025-DTA/.venv/lib/python3.11/site-packages/langchain_core/vectorstores/base.py\", line 1083, in _get_relevant_documents\n    self.vectorstore.similarity_search_with_relevance_scores(\n  File \"/Users/nicholasrenotte/Desktop/Work/6-08-2025-DTA/.venv/lib/python3.11/site-packages/langchain_core/vectorstores/base.py\", line 556, in similarity_search_with_relevance_scores\n    docs_and_similarities = self._similarity_search_with_relevance_scores(\n                            ^^^^^^^^^^^^^^^^^^^^^^^^^^^^^^^^^^^^^^^^^^^^^^\n  File \"/Users/nicholasrenotte/Desktop/Work/6-08-2025-DTA/.venv/lib/python3.11/site-packages/langchain_core/vectorstores/base.py\", line 504, in _similarity_search_with_relevance_scores\n    docs_and_scores = self.similarity_search_with_score(query, k, **kwargs)\n                      ^^^^^^^^^^^^^^^^^^^^^^^^^^^^^^^^^^^^^^^^^^^^^^^^^^^^^\n  File \"/Users/nicholasrenotte/Desktop/Work/6-08-2025-DTA/.venv/lib/python3.11/site-packages/langchain_chroma/vectorstores.py\", line 781, in similarity_search_with_score\n    query_embedding = self._embedding_function.embed_query(query)\n                      ^^^^^^^^^^^^^^^^^^^^^^^^^^^^^^^^^^^^^^^^^^^\n  File \"/Users/nicholasrenotte/Desktop/Work/6-08-2025-DTA/.venv/lib/python3.11/site-packages/langchain_ibm/embeddings.py\", line 276, in embed_query\n    return self.embed_documents([text], **kwargs)[0]\n           ^^^^^^^^^^^^^^^^^^^^^^^^^^^^^^^^^^^^^^\n  File \"/Users/nicholasrenotte/Desktop/Work/6-08-2025-DTA/.venv/lib/python3.11/site-packages/langchain_ibm/embeddings.py\", line 249, in embed_documents\n    embed_response = self._call_model_gateway(\n                     ^^^^^^^^^^^^^^^^^^^^^^^^^\n  File \"/Users/nicholasrenotte/Desktop/Work/6-08-2025-DTA/.venv/lib/python3.11/site-packages/langchain_ibm/utils.py\", line 152, in wrapper\n    return func(self, *args, **kwargs)\n           ^^^^^^^^^^^^^^^^^^^^^^^^^^^\n  File \"/Users/nicholasrenotte/Desktop/Work/6-08-2025-DTA/.venv/lib/python3.11/site-packages/langchain_ibm/embeddings.py\", line 232, in _call_model_gateway\n    return self.watsonx_embed_gateway.embeddings.create(\n           ^^^^^^^^^^^^^^^^^^^^^^^^^^^^^^^^^^^^^^^^^^^^^\n  File \"/Users/nicholasrenotte/Desktop/Work/6-08-2025-DTA/.venv/lib/python3.11/site-packages/ibm_watsonx_ai/gateway/gateway.py\", line 315, in create\n    return self._handle_response(200, \"embedding creation\", response)\n           ^^^^^^^^^^^^^^^^^^^^^^^^^^^^^^^^^^^^^^^^^^^^^^^^^^^^^^^^^^\n  File \"/Users/nicholasrenotte/Desktop/Work/6-08-2025-DTA/.venv/lib/python3.11/site-packages/ibm_watsonx_ai/wml_resource.py\", line 168, in _handle_response\n    raise ApiRequestFailure(\nibm_watsonx_ai.wml_client_error.ApiRequestFailure: Failure during embedding creation. (POST https://us-south.ml.cloud.ibm.com/ml/gateway/v1/embeddings)\nStatus code: 404, body: <html>\r\n<head><title>404 Not Found</title></head>\r\n<body>\r\n<center><h1>404 Not Found</h1></center>\r\n<hr><center>nginx</center>\r\n</body>\r\n</html>\r\n\n\nThe above exception was the direct cause of the following exception:\n\nTraceback (most recent call last):\n  File \"/Users/nicholasrenotte/Desktop/Work/6-08-2025-DTA/.venv/lib/python3.11/site-packages/langgraph/pregel/__init__.py\", line 1328, in stream\n    for _ in runner.tick(\n  File \"/Users/nicholasrenotte/Desktop/Work/6-08-2025-DTA/.venv/lib/python3.11/site-packages/langgraph/pregel/runner.py\", line 58, in tick\n    run_with_retry(t, retry_policy)\n  File \"/Users/nicholasrenotte/Desktop/Work/6-08-2025-DTA/.venv/lib/python3.11/site-packages/langgraph/pregel/retry.py\", line 29, in run_with_retry\n    task.proc.invoke(task.input, config)\n  File \"/Users/nicholasrenotte/Desktop/Work/6-08-2025-DTA/.venv/lib/python3.11/site-packages/langgraph/utils/runnable.py\", line 410, in invoke\n    input = context.run(step.invoke, input, config, **kwargs)\n            ^^^^^^^^^^^^^^^^^^^^^^^^^^^^^^^^^^^^^^^^^^^^^^^^^\n  File \"/Users/nicholasrenotte/Desktop/Work/6-08-2025-DTA/.venv/lib/python3.11/site-packages/langgraph/utils/runnable.py\", line 184, in invoke\n    ret = context.run(self.func, input, **kwargs)\n          ^^^^^^^^^^^^^^^^^^^^^^^^^^^^^^^^^^^^^^^\n  File \"/Users/nicholasrenotte/Desktop/Work/6-08-2025-DTA/.venv/lib/python3.11/site-packages/ibm_watsonx_gov/metrics/context_relevance/context_relevance_decorator.py\", line 57, in wrapper\n    raise Exception(\nException: There was an error while evaluating context relevance metric on retrieval_node,\n"}}, {"key": "exception.escaped", "value": {"stringValue": "False"}}]}], "status": {"code": "STATUS_CODE_ERROR"}, "flags": 256}]}]}]}
